0 info it worked if it ends with ok
1 verbose cli [ 'C:\\nodejs\\\\node.exe',
1 verbose cli   'C:\\nodejs\\node_modules\\npm\\bin\\npm-cli.js',
1 verbose cli   'version',
1 verbose cli   'patch' ]
2 info using npm@2.11.2
3 info using node@v0.12.6
4 info preversion together-core-whiteboard@0.0.3
5 info git [ 'status', '--porcelain' ]
6 verbose stack Error: Error: Git working directory not clean.
6 verbose stack M .idea/workspace.xml
6 verbose stack D npm-debug.log
6 verbose stack     at C:\nodejs\node_modules\npm\lib\version.js:71:23
6 verbose stack     at C:\nodejs\node_modules\npm\lib\version.js:151:34
6 verbose stack     at ChildProcess.exithandler (child_process.js:742:7)
6 verbose stack     at ChildProcess.emit (events.js:110:17)
6 verbose stack     at maybeClose (child_process.js:1015:16)
6 verbose stack     at Process.ChildProcess._handle.onexit (child_process.js:1087:5)
7 verbose cwd E:\代码\together\together-core-whiteboard
8 error Windows_NT 6.3.9600
9 error argv "C:\\nodejs\\\\node.exe" "C:\\nodejs\\node_modules\\npm\\bin\\npm-cli.js" "version" "patch"
10 error node v0.12.6
11 error npm  v2.11.2
12 error Error: Git working directory not clean.
12 error M .idea/workspace.xml
12 error D npm-debug.log
13 error If you need help, you may report this error at:
13 error     <https://github.com/npm/npm/issues>
14 verbose exit [ 1, true ]
